<?xml version="1.0" encoding="UTF-8"?>
<!-- Generated by org.testng.reporters.JUnitReportReporter -->
<testsuite skipped="0" hostname="WKWIN4833400" name="com.sapient.it.Lighthouse.LightHouse" tests="1" failures="0" timestamp="14 May 2019 03:55:11 GMT" time="0.017" errors="0">
  <testcase name="lightHouseAccessibilityTest" time="0.017" classname="com.sapient.it.Lighthouse.LightHouse"/>
</testsuite> <!-- com.sapient.it.Lighthouse.LightHouse -->
